13:16:30.674 [main] DEBUG org.apache.poi.openxml4j.opc.PackageRelationshipCollection - Parsing relationship: /xl/worksheets/_rels/sheet1.xml.rels
13:16:30.680 [main] DEBUG org.apache.poi.openxml4j.opc.PackageRelationshipCollection - Parsing relationship: /_rels/.rels
13:16:30.690 [main] DEBUG org.apache.poi.ooxml.POIXMLFactory - using default POIXMLDocumentPart for http://schemas.openxmlformats.org/officeDocument/2006/relationships/printerSettings
13:16:30.701 [main] DEBUG org.apache.poi.openxml4j.opc.PackageRelationshipCollection - Parsing relationship: /xl/_rels/workbook.xml.rels
13:16:30.702 [main] DEBUG org.apache.poi.openxml4j.opc.PackageRelationshipCollection - Parsing relationship: /xl/worksheets/_rels/sheet1.xml.rels
13:16:30.703 [main] DEBUG org.apache.poi.openxml4j.opc.PackageRelationshipCollection - Parsing relationship: /_rels/.rels
13:16:30.712 [main] DEBUG org.apache.poi.ooxml.POIXMLFactory - using default POIXMLDocumentPart for http://schemas.openxmlformats.org/officeDocument/2006/relationships/printerSettings
13:16:30.722 [main] DEBUG org.apache.poi.openxml4j.opc.PackageRelationshipCollection - Parsing relationship: /xl/_rels/workbook.xml.rels
13:16:30.723 [main] DEBUG org.apache.poi.openxml4j.opc.PackageRelationshipCollection - Parsing relationship: /xl/worksheets/_rels/sheet1.xml.rels
13:16:30.725 [main] DEBUG org.apache.poi.openxml4j.opc.PackageRelationshipCollection - Parsing relationship: /_rels/.rels
13:16:30.733 [main] DEBUG org.apache.poi.ooxml.POIXMLFactory - using default POIXMLDocumentPart for http://schemas.openxmlformats.org/officeDocument/2006/relationships/printerSettings
13:16:30.745 [main] INFO  testCases.TC_003_LoginTDD - ************ TC_003 Test Case Is Started********
13:16:52.059 [main] INFO  testCases.TC_003_LoginTDD - ************ TC_003 Test Case Is Started********
13:16:53.294 [main] ERROR testCases.TC_003_LoginTDD - Test Case Is Failed
13:16:53.684 [main] INFO  testCases.TC_003_LoginTDD - ************ TC_003 Test Case Is Started********
13:16:54.974 [main] ERROR testCases.TC_003_LoginTDD - Test Case Is Failed
13:16:55.300 [main] INFO  testCases.TC_003_LoginTDD - ************ TC_003 Test Case Is Started********
13:17:15.907 [main] INFO  testCases.TC_003_LoginTDD - Test Case Is Pass
13:17:15.909 [main] INFO  testCases.TC_003_LoginTDD - ********** TC_003 Test Case Is Finished**********
13:17:15.910 [main] INFO  testCases.TC_003_LoginTDD - ************ TC_003 Test Case Is Started********
13:17:17.598 [main] INFO  testCases.TC_003_LoginTDD - Test Case Is Passed
13:17:17.599 [main] INFO  testCases.TC_003_LoginTDD - ********** TC_003 Test Case Is Finished**********
